<?xml version="1.0" encoding="UTF-8"?>
<testng-results skipped="0" failed="0" ignored="0" total="1" passed="1">
  <reporter-output>
  </reporter-output>
  <suite name="Suite" duration-ms="4046" started-at="2022-07-09T14:45:50 IST" finished-at="2022-07-09T14:45:54 IST">
    <groups>
    </groups>
    <test name="Test" duration-ms="4046" started-at="2022-07-09T14:45:50 IST" finished-at="2022-07-09T14:45:54 IST">
      <class name="TEST_sample">
        <test-method status="PASS" signature="browser()[pri:0, instance:TEST_sample@1fe2924]" name="browser" duration-ms="3987" started-at="2022-07-09T14:45:50 IST" finished-at="2022-07-09T14:45:54 IST">
          <reporter-output>
          </reporter-output>
        </test-method> <!-- browser -->
      </class> <!-- TEST_sample -->
    </test> <!-- Test -->
  </suite> <!-- Suite -->
</testng-results>
