<?xml version="1.0" encoding="UTF-8"?>
<testng-results ignored="0" total="1" passed="1" failed="0" skipped="0">
  <reporter-output>
  </reporter-output>
  <suite started-at="2022-07-09T19:16:44 IST" name="Default suite" finished-at="2022-07-09T19:16:53 IST" duration-ms="8908">
    <groups>
    </groups>
    <test started-at="2022-07-09T19:16:44 IST" name="Default test" finished-at="2022-07-09T19:16:53 IST" duration-ms="8908">
      <class name="TEST_sample">
        <test-method signature="browser()[pri:0, instance:TEST_sample@2053d869]" started-at="2022-07-09T19:16:44 IST" name="browser" finished-at="2022-07-09T19:16:53 IST" duration-ms="8850" status="PASS">
          <reporter-output>
          </reporter-output>
        </test-method> <!-- browser -->
      </class> <!-- TEST_sample -->
    </test> <!-- Default test -->
  </suite> <!-- Default suite -->
</testng-results>
